build/app/intermediates/manifest_merge_blame_file/debug/processDebugMainManifest/manifest-merger-blame-debug-report.txt
1<?xml version="1.0" encoding="utf-8"?>
2<manifest xmlns:android="http://schemas.android.com/apk/res/android"
3    package="com.example.hessa"
4    android:versionCode="1"
5    android:versionName="1.0.0" >
6
7    <uses-sdk
8        android:minSdkVersion="23"
9        android:targetSdkVersion="35" />
10    <!--
11         The INTERNET permission is required for development. Specifically,
12         the Flutter tool needs it to communicate with the running application
13         to allow setting breakpoints, to provide hot reload, etc.
14    -->
15    <uses-permission android:name="android.permission.INTERNET" />
15-->src/debug/AndroidManifest.xml:6:5-66
15-->src/debug/AndroidManifest.xml:6:22-64
16    <!--
17     Required to query activities that can process text, see:
18         https://developer.android.com/training/package-visibility and
19         https://developer.android.com/reference/android/content/Intent#ACTION_PROCESS_TEXT.
20
21         In particular, this is used by the Flutter engine in io.flutter.plugin.text.ProcessTextPlugin.
22    -->
23    <queries>
23-->src/main/AndroidManifest.xml:39:5-44:15
24        <intent>
24-->src/main/AndroidManifest.xml:40:9-43:18
25            <action android:name="android.intent.action.PROCESS_TEXT" />
25-->src/main/AndroidManifest.xml:41:13-72
25-->src/main/AndroidManifest.xml:41:21-70
26
27            <data android:mimeType="text/plain" />
27-->src/main/AndroidManifest.xml:42:13-50
27-->src/main/AndroidManifest.xml:42:19-48
28        </intent>
29        <!-- Needs to be explicitly declared on Android R+ -->
30        <package android:name="com.google.android.apps.maps" />
30-->[com.google.android.gms:play-services-maps:18.2.0] AndroidManifest.xml:33:9-64
30-->[com.google.android.gms:play-services-maps:18.2.0] AndroidManifest.xml:33:18-61
31    </queries>
32
33    <uses-permission android:name="android.permission.ACCESS_NETWORK_STATE" />
33-->[com.google.firebase:firebase-auth:23.2.0] AndroidManifest.xml:26:5-79
33-->[com.google.firebase:firebase-auth:23.2.0] AndroidManifest.xml:26:22-76
34
35    <uses-feature
35-->[com.google.android.gms:play-services-maps:18.2.0] AndroidManifest.xml:26:5-28:35
36        android:glEsVersion="0x00020000"
36-->[com.google.android.gms:play-services-maps:18.2.0] AndroidManifest.xml:27:9-41
37        android:required="true" />
37-->[com.google.android.gms:play-services-maps:18.2.0] AndroidManifest.xml:28:9-32
38
39    <uses-permission android:name="com.google.android.providers.gsf.permission.READ_GSERVICES" />
39-->[com.google.android.recaptcha:recaptcha:18.6.1] AndroidManifest.xml:9:5-98
39-->[com.google.android.recaptcha:recaptcha:18.6.1] AndroidManifest.xml:9:22-95
40
41    <permission
41-->[androidx.core:core:1.13.1] AndroidManifest.xml:22:5-24:47
42        android:name="com.example.hessa.DYNAMIC_RECEIVER_NOT_EXPORTED_PERMISSION"
42-->[androidx.core:core:1.13.1] AndroidManifest.xml:23:9-81
43        android:protectionLevel="signature" />
43-->[androidx.core:core:1.13.1] AndroidManifest.xml:24:9-44
44
45    <uses-permission android:name="com.example.hessa.DYNAMIC_RECEIVER_NOT_EXPORTED_PERMISSION" />
45-->[androidx.core:core:1.13.1] AndroidManifest.xml:26:5-97
45-->[androidx.core:core:1.13.1] AndroidManifest.xml:26:22-94
46
47    <application
48        android:name="android.app.Application"
49        android:appComponentFactory="androidx.core.app.CoreComponentFactory"
49-->[androidx.core:core:1.13.1] AndroidManifest.xml:28:18-86
50        android:debuggable="true"
51        android:extractNativeLibs="false"
52        android:icon="@mipmap/launcher_icon"
53        android:label="hessa" >
54        <activity
55            android:name="com.example.hessa.MainActivity"
56            android:configChanges="orientation|keyboardHidden|keyboard|screenSize|smallestScreenSize|locale|layoutDirection|fontScale|screenLayout|density|uiMode"
57            android:exported="true"
58            android:hardwareAccelerated="true"
59            android:launchMode="singleTop"
60            android:taskAffinity=""
61            android:theme="@style/LaunchTheme"
62            android:windowSoftInputMode="adjustResize" >
63
64            <!--
65                 Specifies an Android theme to apply to this Activity as soon as
66                 the Android process has started. This theme is visible to the user
67                 while the Flutter UI initializes. After that, this theme continues
68                 to determine the Window background behind the Flutter UI.
69            -->
70            <meta-data
71                android:name="io.flutter.embedding.android.NormalTheme"
72                android:resource="@style/NormalTheme" />
73
74            <intent-filter>
75                <action android:name="android.intent.action.MAIN" />
76
77                <category android:name="android.intent.category.LAUNCHER" />
78            </intent-filter>
79        </activity>
80        <!--
81             Don't delete the meta-data below.
82             This is used by the Flutter tool to generate GeneratedPluginRegistrant.java
83        -->
84        <meta-data
85            android:name="flutterEmbedding"
86            android:value="2" />
87
88        <service
88-->[:firebase_auth] AndroidManifest.xml:8:9-12:19
89            android:name="com.google.firebase.components.ComponentDiscoveryService"
89-->[:firebase_auth] AndroidManifest.xml:8:18-89
90            android:directBootAware="true"
90-->[com.google.firebase:firebase-common:21.0.0] AndroidManifest.xml:32:13-43
91            android:exported="false" >
91-->[com.google.firebase:firebase-auth:23.2.0] AndroidManifest.xml:68:13-37
92            <meta-data
92-->[:firebase_auth] AndroidManifest.xml:9:13-11:85
93                android:name="com.google.firebase.components:io.flutter.plugins.firebase.auth.FlutterFirebaseAuthRegistrar"
93-->[:firebase_auth] AndroidManifest.xml:10:17-124
94                android:value="com.google.firebase.components.ComponentRegistrar" />
94-->[:firebase_auth] AndroidManifest.xml:11:17-82
95            <meta-data
95-->[:firebase_core] AndroidManifest.xml:9:13-11:85
96                android:name="com.google.firebase.components:io.flutter.plugins.firebase.core.FlutterFirebaseCoreRegistrar"
96-->[:firebase_core] AndroidManifest.xml:10:17-124
97                android:value="com.google.firebase.components.ComponentRegistrar" />
97-->[:firebase_core] AndroidManifest.xml:11:17-82
98            <meta-data
98-->[com.google.firebase:firebase-auth:23.2.0] AndroidManifest.xml:69:13-71:85
99                android:name="com.google.firebase.components:com.google.firebase.auth.FirebaseAuthRegistrar"
99-->[com.google.firebase:firebase-auth:23.2.0] AndroidManifest.xml:70:17-109
100                android:value="com.google.firebase.components.ComponentRegistrar" />
100-->[com.google.firebase:firebase-auth:23.2.0] AndroidManifest.xml:71:17-82
101            <meta-data
101-->[com.google.firebase:firebase-common-ktx:21.0.0] AndroidManifest.xml:12:13-14:85
102                android:name="com.google.firebase.components:com.google.firebase.ktx.FirebaseCommonLegacyRegistrar"
102-->[com.google.firebase:firebase-common-ktx:21.0.0] AndroidManifest.xml:13:17-116
103                android:value="com.google.firebase.components.ComponentRegistrar" />
103-->[com.google.firebase:firebase-common-ktx:21.0.0] AndroidManifest.xml:14:17-82
104            <meta-data
104-->[com.google.firebase:firebase-common:21.0.0] AndroidManifest.xml:35:13-37:85
105                android:name="com.google.firebase.components:com.google.firebase.FirebaseCommonKtxRegistrar"
105-->[com.google.firebase:firebase-common:21.0.0] AndroidManifest.xml:36:17-109
106                android:value="com.google.firebase.components.ComponentRegistrar" />
106-->[com.google.firebase:firebase-common:21.0.0] AndroidManifest.xml:37:17-82
107        </service>
108
109        <activity
109-->[com.google.firebase:firebase-auth:23.2.0] AndroidManifest.xml:29:9-46:20
110            android:name="com.google.firebase.auth.internal.GenericIdpActivity"
110-->[com.google.firebase:firebase-auth:23.2.0] AndroidManifest.xml:30:13-80
111            android:excludeFromRecents="true"
111-->[com.google.firebase:firebase-auth:23.2.0] AndroidManifest.xml:31:13-46
112            android:exported="true"
112-->[com.google.firebase:firebase-auth:23.2.0] AndroidManifest.xml:32:13-36
113            android:launchMode="singleTask"
113-->[com.google.firebase:firebase-auth:23.2.0] AndroidManifest.xml:33:13-44
114            android:theme="@android:style/Theme.Translucent.NoTitleBar" >
114-->[com.google.firebase:firebase-auth:23.2.0] AndroidManifest.xml:34:13-72
115            <intent-filter>
115-->[com.google.firebase:firebase-auth:23.2.0] AndroidManifest.xml:35:13-45:29
116                <action android:name="android.intent.action.VIEW" />
116-->[com.google.firebase:firebase-auth:23.2.0] AndroidManifest.xml:36:17-69
116-->[com.google.firebase:firebase-auth:23.2.0] AndroidManifest.xml:36:25-66
117
118                <category android:name="android.intent.category.DEFAULT" />
118-->[com.google.firebase:firebase-auth:23.2.0] AndroidManifest.xml:38:17-76
118-->[com.google.firebase:firebase-auth:23.2.0] AndroidManifest.xml:38:27-73
119                <category android:name="android.intent.category.BROWSABLE" />
119-->[com.google.firebase:firebase-auth:23.2.0] AndroidManifest.xml:39:17-78
119-->[com.google.firebase:firebase-auth:23.2.0] AndroidManifest.xml:39:27-75
120
121                <data
121-->src/main/AndroidManifest.xml:42:13-50
122                    android:host="firebase.auth"
123                    android:path="/"
124                    android:scheme="genericidp" />
125            </intent-filter>
126        </activity>
127        <activity
127-->[com.google.firebase:firebase-auth:23.2.0] AndroidManifest.xml:47:9-64:20
128            android:name="com.google.firebase.auth.internal.RecaptchaActivity"
128-->[com.google.firebase:firebase-auth:23.2.0] AndroidManifest.xml:48:13-79
129            android:excludeFromRecents="true"
129-->[com.google.firebase:firebase-auth:23.2.0] AndroidManifest.xml:49:13-46
130            android:exported="true"
130-->[com.google.firebase:firebase-auth:23.2.0] AndroidManifest.xml:50:13-36
131            android:launchMode="singleTask"
131-->[com.google.firebase:firebase-auth:23.2.0] AndroidManifest.xml:51:13-44
132            android:theme="@android:style/Theme.Translucent.NoTitleBar" >
132-->[com.google.firebase:firebase-auth:23.2.0] AndroidManifest.xml:52:13-72
133            <intent-filter>
133-->[com.google.firebase:firebase-auth:23.2.0] AndroidManifest.xml:53:13-63:29
134                <action android:name="android.intent.action.VIEW" />
134-->[com.google.firebase:firebase-auth:23.2.0] AndroidManifest.xml:36:17-69
134-->[com.google.firebase:firebase-auth:23.2.0] AndroidManifest.xml:36:25-66
135
136                <category android:name="android.intent.category.DEFAULT" />
136-->[com.google.firebase:firebase-auth:23.2.0] AndroidManifest.xml:38:17-76
136-->[com.google.firebase:firebase-auth:23.2.0] AndroidManifest.xml:38:27-73
137                <category android:name="android.intent.category.BROWSABLE" />
137-->[com.google.firebase:firebase-auth:23.2.0] AndroidManifest.xml:39:17-78
137-->[com.google.firebase:firebase-auth:23.2.0] AndroidManifest.xml:39:27-75
138
139                <data
139-->src/main/AndroidManifest.xml:42:13-50
140                    android:host="firebase.auth"
141                    android:path="/"
142                    android:scheme="recaptcha" />
143            </intent-filter>
144        </activity>
145
146        <provider
146-->[:image_picker_android] AndroidManifest.xml:9:9-17:20
147            android:name="io.flutter.plugins.imagepicker.ImagePickerFileProvider"
147-->[:image_picker_android] AndroidManifest.xml:10:13-82
148            android:authorities="com.example.hessa.flutter.image_provider"
148-->[:image_picker_android] AndroidManifest.xml:11:13-74
149            android:exported="false"
149-->[:image_picker_android] AndroidManifest.xml:12:13-37
150            android:grantUriPermissions="true" >
150-->[:image_picker_android] AndroidManifest.xml:13:13-47
151            <meta-data
151-->[:image_picker_android] AndroidManifest.xml:14:13-16:75
152                android:name="android.support.FILE_PROVIDER_PATHS"
152-->[:image_picker_android] AndroidManifest.xml:15:17-67
153                android:resource="@xml/flutter_image_picker_file_paths" />
153-->[:image_picker_android] AndroidManifest.xml:16:17-72
154        </provider> <!-- Trigger Google Play services to install the backported photo picker module. -->
155        <service
155-->[:image_picker_android] AndroidManifest.xml:19:9-31:19
156            android:name="com.google.android.gms.metadata.ModuleDependencies"
156-->[:image_picker_android] AndroidManifest.xml:20:13-78
157            android:enabled="false"
157-->[:image_picker_android] AndroidManifest.xml:21:13-36
158            android:exported="false" >
158-->[:image_picker_android] AndroidManifest.xml:22:13-37
159            <intent-filter>
159-->[:image_picker_android] AndroidManifest.xml:24:13-26:29
160                <action android:name="com.google.android.gms.metadata.MODULE_DEPENDENCIES" />
160-->[:image_picker_android] AndroidManifest.xml:25:17-94
160-->[:image_picker_android] AndroidManifest.xml:25:25-91
161            </intent-filter>
162
163            <meta-data
163-->[:image_picker_android] AndroidManifest.xml:28:13-30:36
164                android:name="photopicker_activity:0:required"
164-->[:image_picker_android] AndroidManifest.xml:29:17-63
165                android:value="" />
165-->[:image_picker_android] AndroidManifest.xml:30:17-33
166        </service> <!-- Needs to be explicitly declared on P+ -->
167        <uses-library
167-->[com.google.android.gms:play-services-maps:18.2.0] AndroidManifest.xml:39:9-41:40
168            android:name="org.apache.http.legacy"
168-->[com.google.android.gms:play-services-maps:18.2.0] AndroidManifest.xml:40:13-50
169            android:required="false" />
169-->[com.google.android.gms:play-services-maps:18.2.0] AndroidManifest.xml:41:13-37
170
171        <service
171-->[androidx.credentials:credentials-play-services-auth:1.2.0-rc01] AndroidManifest.xml:24:9-32:19
172            android:name="androidx.credentials.playservices.CredentialProviderMetadataHolder"
172-->[androidx.credentials:credentials-play-services-auth:1.2.0-rc01] AndroidManifest.xml:25:13-94
173            android:enabled="true"
173-->[androidx.credentials:credentials-play-services-auth:1.2.0-rc01] AndroidManifest.xml:26:13-35
174            android:exported="false" >
174-->[androidx.credentials:credentials-play-services-auth:1.2.0-rc01] AndroidManifest.xml:27:13-37
175            <meta-data
175-->[androidx.credentials:credentials-play-services-auth:1.2.0-rc01] AndroidManifest.xml:29:13-31:104
176                android:name="androidx.credentials.CREDENTIAL_PROVIDER_KEY"
176-->[androidx.credentials:credentials-play-services-auth:1.2.0-rc01] AndroidManifest.xml:30:17-76
177                android:value="androidx.credentials.playservices.CredentialProviderPlayServicesImpl" />
177-->[androidx.credentials:credentials-play-services-auth:1.2.0-rc01] AndroidManifest.xml:31:17-101
178        </service>
179
180        <activity
180-->[androidx.credentials:credentials-play-services-auth:1.2.0-rc01] AndroidManifest.xml:34:9-41:20
181            android:name="androidx.credentials.playservices.HiddenActivity"
181-->[androidx.credentials:credentials-play-services-auth:1.2.0-rc01] AndroidManifest.xml:35:13-76
182            android:configChanges="orientation|screenSize|screenLayout|keyboardHidden"
182-->[androidx.credentials:credentials-play-services-auth:1.2.0-rc01] AndroidManifest.xml:36:13-87
183            android:enabled="true"
183-->[androidx.credentials:credentials-play-services-auth:1.2.0-rc01] AndroidManifest.xml:37:13-35
184            android:exported="false"
184-->[androidx.credentials:credentials-play-services-auth:1.2.0-rc01] AndroidManifest.xml:38:13-37
185            android:fitsSystemWindows="true"
185-->[androidx.credentials:credentials-play-services-auth:1.2.0-rc01] AndroidManifest.xml:39:13-45
186            android:theme="@style/Theme.Hidden" >
186-->[androidx.credentials:credentials-play-services-auth:1.2.0-rc01] AndroidManifest.xml:40:13-48
187        </activity>
188        <activity
188-->[com.google.android.gms:play-services-auth:21.0.0] AndroidManifest.xml:23:9-27:75
189            android:name="com.google.android.gms.auth.api.signin.internal.SignInHubActivity"
189-->[com.google.android.gms:play-services-auth:21.0.0] AndroidManifest.xml:24:13-93
190            android:excludeFromRecents="true"
190-->[com.google.android.gms:play-services-auth:21.0.0] AndroidManifest.xml:25:13-46
191            android:exported="false"
191-->[com.google.android.gms:play-services-auth:21.0.0] AndroidManifest.xml:26:13-37
192            android:theme="@android:style/Theme.Translucent.NoTitleBar" />
192-->[com.google.android.gms:play-services-auth:21.0.0] AndroidManifest.xml:27:13-72
193        <!--
194            Service handling Google Sign-In user revocation. For apps that do not integrate with
195            Google Sign-In, this service will never be started.
196        -->
197        <service
197-->[com.google.android.gms:play-services-auth:21.0.0] AndroidManifest.xml:33:9-37:51
198            android:name="com.google.android.gms.auth.api.signin.RevocationBoundService"
198-->[com.google.android.gms:play-services-auth:21.0.0] AndroidManifest.xml:34:13-89
199            android:exported="true"
199-->[com.google.android.gms:play-services-auth:21.0.0] AndroidManifest.xml:35:13-36
200            android:permission="com.google.android.gms.auth.api.signin.permission.REVOCATION_NOTIFICATION"
200-->[com.google.android.gms:play-services-auth:21.0.0] AndroidManifest.xml:36:13-107
201            android:visibleToInstantApps="true" />
201-->[com.google.android.gms:play-services-auth:21.0.0] AndroidManifest.xml:37:13-48
202
203        <activity
203-->[com.google.android.gms:play-services-base:18.0.1] AndroidManifest.xml:20:9-22:45
204            android:name="com.google.android.gms.common.api.GoogleApiActivity"
204-->[com.google.android.gms:play-services-base:18.0.1] AndroidManifest.xml:20:19-85
205            android:exported="false"
205-->[com.google.android.gms:play-services-base:18.0.1] AndroidManifest.xml:22:19-43
206            android:theme="@android:style/Theme.Translucent.NoTitleBar" />
206-->[com.google.android.gms:play-services-base:18.0.1] AndroidManifest.xml:21:19-78
207
208        <provider
208-->[com.google.firebase:firebase-common:21.0.0] AndroidManifest.xml:23:9-28:39
209            android:name="com.google.firebase.provider.FirebaseInitProvider"
209-->[com.google.firebase:firebase-common:21.0.0] AndroidManifest.xml:24:13-77
210            android:authorities="com.example.hessa.firebaseinitprovider"
210-->[com.google.firebase:firebase-common:21.0.0] AndroidManifest.xml:25:13-72
211            android:directBootAware="true"
211-->[com.google.firebase:firebase-common:21.0.0] AndroidManifest.xml:26:13-43
212            android:exported="false"
212-->[com.google.firebase:firebase-common:21.0.0] AndroidManifest.xml:27:13-37
213            android:initOrder="100" />
213-->[com.google.firebase:firebase-common:21.0.0] AndroidManifest.xml:28:13-36
214        <provider
214-->[androidx.lifecycle:lifecycle-process:2.7.0] AndroidManifest.xml:24:9-32:20
215            android:name="androidx.startup.InitializationProvider"
215-->[androidx.lifecycle:lifecycle-process:2.7.0] AndroidManifest.xml:25:13-67
216            android:authorities="com.example.hessa.androidx-startup"
216-->[androidx.lifecycle:lifecycle-process:2.7.0] AndroidManifest.xml:26:13-68
217            android:exported="false" >
217-->[androidx.lifecycle:lifecycle-process:2.7.0] AndroidManifest.xml:27:13-37
218            <meta-data
218-->[androidx.lifecycle:lifecycle-process:2.7.0] AndroidManifest.xml:29:13-31:52
219                android:name="androidx.lifecycle.ProcessLifecycleInitializer"
219-->[androidx.lifecycle:lifecycle-process:2.7.0] AndroidManifest.xml:30:17-78
220                android:value="androidx.startup" />
220-->[androidx.lifecycle:lifecycle-process:2.7.0] AndroidManifest.xml:31:17-49
221            <meta-data
221-->[androidx.profileinstaller:profileinstaller:1.3.1] AndroidManifest.xml:29:13-31:52
222                android:name="androidx.profileinstaller.ProfileInstallerInitializer"
222-->[androidx.profileinstaller:profileinstaller:1.3.1] AndroidManifest.xml:30:17-85
223                android:value="androidx.startup" />
223-->[androidx.profileinstaller:profileinstaller:1.3.1] AndroidManifest.xml:31:17-49
224        </provider>
225
226        <uses-library
226-->[androidx.window:window:1.2.0] AndroidManifest.xml:23:9-25:40
227            android:name="androidx.window.extensions"
227-->[androidx.window:window:1.2.0] AndroidManifest.xml:24:13-54
228            android:required="false" />
228-->[androidx.window:window:1.2.0] AndroidManifest.xml:25:13-37
229        <uses-library
229-->[androidx.window:window:1.2.0] AndroidManifest.xml:26:9-28:40
230            android:name="androidx.window.sidecar"
230-->[androidx.window:window:1.2.0] AndroidManifest.xml:27:13-51
231            android:required="false" />
231-->[androidx.window:window:1.2.0] AndroidManifest.xml:28:13-37
232
233        <meta-data
233-->[com.google.android.gms:play-services-basement:18.4.0] AndroidManifest.xml:6:9-122
234            android:name="com.google.android.gms.version"
234-->[com.google.android.gms:play-services-basement:18.4.0] AndroidManifest.xml:6:20-65
235            android:value="@integer/google_play_services_version" />
235-->[com.google.android.gms:play-services-basement:18.4.0] AndroidManifest.xml:6:66-119
236
237        <receiver
237-->[androidx.profileinstaller:profileinstaller:1.3.1] AndroidManifest.xml:34:9-52:20
238            android:name="androidx.profileinstaller.ProfileInstallReceiver"
238-->[androidx.profileinstaller:profileinstaller:1.3.1] AndroidManifest.xml:35:13-76
239            android:directBootAware="false"
239-->[androidx.profileinstaller:profileinstaller:1.3.1] AndroidManifest.xml:36:13-44
240            android:enabled="true"
240-->[androidx.profileinstaller:profileinstaller:1.3.1] AndroidManifest.xml:37:13-35
241            android:exported="true"
241-->[androidx.profileinstaller:profileinstaller:1.3.1] AndroidManifest.xml:38:13-36
242            android:permission="android.permission.DUMP" >
242-->[androidx.profileinstaller:profileinstaller:1.3.1] AndroidManifest.xml:39:13-57
243            <intent-filter>
243-->[androidx.profileinstaller:profileinstaller:1.3.1] AndroidManifest.xml:40:13-42:29
244                <action android:name="androidx.profileinstaller.action.INSTALL_PROFILE" />
244-->[androidx.profileinstaller:profileinstaller:1.3.1] AndroidManifest.xml:41:17-91
244-->[androidx.profileinstaller:profileinstaller:1.3.1] AndroidManifest.xml:41:25-88
245            </intent-filter>
246            <intent-filter>
246-->[androidx.profileinstaller:profileinstaller:1.3.1] AndroidManifest.xml:43:13-45:29
247                <action android:name="androidx.profileinstaller.action.SKIP_FILE" />
247-->[androidx.profileinstaller:profileinstaller:1.3.1] AndroidManifest.xml:44:17-85
247-->[androidx.profileinstaller:profileinstaller:1.3.1] AndroidManifest.xml:44:25-82
248            </intent-filter>
249            <intent-filter>
249-->[androidx.profileinstaller:profileinstaller:1.3.1] AndroidManifest.xml:46:13-48:29
250                <action android:name="androidx.profileinstaller.action.SAVE_PROFILE" />
250-->[androidx.profileinstaller:profileinstaller:1.3.1] AndroidManifest.xml:47:17-88
250-->[androidx.profileinstaller:profileinstaller:1.3.1] AndroidManifest.xml:47:25-85
251            </intent-filter>
252            <intent-filter>
252-->[androidx.profileinstaller:profileinstaller:1.3.1] AndroidManifest.xml:49:13-51:29
253                <action android:name="androidx.profileinstaller.action.BENCHMARK_OPERATION" />
253-->[androidx.profileinstaller:profileinstaller:1.3.1] AndroidManifest.xml:50:17-95
253-->[androidx.profileinstaller:profileinstaller:1.3.1] AndroidManifest.xml:50:25-92
254            </intent-filter>
255        </receiver> <!-- The activities will be merged into the manifest of the hosting app. -->
256        <activity
256-->[com.google.android.play:core-common:2.0.3] AndroidManifest.xml:14:9-18:65
257            android:name="com.google.android.play.core.common.PlayCoreDialogWrapperActivity"
257-->[com.google.android.play:core-common:2.0.3] AndroidManifest.xml:15:13-93
258            android:exported="false"
258-->[com.google.android.play:core-common:2.0.3] AndroidManifest.xml:16:13-37
259            android:stateNotNeeded="true"
259-->[com.google.android.play:core-common:2.0.3] AndroidManifest.xml:17:13-42
260            android:theme="@style/Theme.PlayCore.Transparent" />
260-->[com.google.android.play:core-common:2.0.3] AndroidManifest.xml:18:13-62
261    </application>
262
263</manifest>